<?xml version="1.0" encoding="UTF-8"?>
<!-- Generated by org.testng.reporters.JUnitReportReporter -->
<testsuite hostname="vishnu" failures="0" tests="1" name="TestCases.VerifyLogin" time="6.231" errors="0" timestamp="2022-11-04T06:25:47 IST" skipped="0">
  <testcase classname="TestCases.VerifyLogin" name="Login" time="6.231"/>
  <system-out/>
</testsuite> <!-- TestCases.VerifyLogin -->
