<?xml version="1.0" encoding="UTF-8"?>
<!-- Generated by org.testng.reporters.JUnitReportReporter -->
<testsuite hostname="vishnu" failures="0" tests="1" name="TestCases.VerifySignup" time="8.943" errors="0" timestamp="2022-11-04T06:52:39 IST" skipped="0">
  <testcase classname="TestCases.VerifySignup" name="Login" time="8.943"/>
  <system-out/>
</testsuite> <!-- TestCases.VerifySignup -->
